#
# There is insufficient memory for the Java Runtime Environment to continue.
# Native memory allocation (malloc) failed to allocate 161936 bytes. Error detail: Chunk::new
# Possible reasons:
#   The system is out of physical RAM or swap space
#   This process is running with CompressedOops enabled, and the Java Heap may be blocking the growth of the native heap
# Possible solutions:
#   Reduce memory load on the system
#   Increase physical memory or swap space
#   Check if swap backing store is full
#   Decrease Java heap size (-Xmx/-Xms)
#   Decrease number of Java threads
#   Decrease Java thread stack sizes (-Xss)
#   Set larger code cache with -XX:ReservedCodeCacheSize=
#   JVM is running with Unscaled Compressed Oops mode in which the Java heap is
#     placed in the first 4GB address space. The Java Heap base address is the
#     maximum limit for the native heap growth. Please use -XX:HeapBaseMinAddress
#     to set the Java Heap base and to place the Java Heap above 4GB virtual address.
# This output file may be truncated or incomplete.
#
#  Out of Memory Error (arena.cpp:168), pid=780, tid=23300
#
# JRE version: OpenJDK Runtime Environment Temurin-21.0.6+7 (21.0.6+7) (build 21.0.6+7-LTS)
# Java VM: OpenJDK 64-Bit Server VM Temurin-21.0.6+7 (21.0.6+7-LTS, mixed mode, sharing, tiered, compressed oops, compressed class ptrs, parallel gc, windows-amd64)
# No core dump will be written. Minidumps are not enabled by default on client versions of Windows
#

---------------  S U M M A R Y ------------

Command Line: --add-modules=ALL-SYSTEM --add-opens=java.base/java.util=ALL-UNNAMED --add-opens=java.base/java.lang=ALL-UNNAMED --add-opens=java.base/sun.nio.fs=ALL-UNNAMED -Declipse.application=org.eclipse.jdt.ls.core.id1 -Dosgi.bundles.defaultStartLevel=4 -Declipse.product=org.eclipse.jdt.ls.core.product -Djava.import.generatesMetadataFilesAtProjectRoot=false -DDetectVMInstallationsJob.disabled=true -Dfile.encoding=utf8 -XX:+UseParallelGC -XX:GCTimeRatio=4 -XX:AdaptiveSizePolicyWeight=90 -Dsun.zip.disableMemoryMapping=true -Xmx1G -Xms100m -Xlog:disable -javaagent:c:\Users\Карим\.vscode\extensions\redhat.java-1.41.1-win32-x64\lombok\lombok-1.18.36.jar -XX:+HeapDumpOnOutOfMemoryError -XX:HeapDumpPath=c:\Users\Карим\AppData\Roaming\Code\User\workspaceStorage\be46ec04d67062e0e0c825c999e7329b\redhat.java -Daether.dependencyCollector.impl=bf c:\Users\Карим\.vscode\extensions\redhat.java-1.41.1-win32-x64\server\plugins\org.eclipse.equinox.launcher_1.7.0.v20250331-1702.jar -configuration c:\Users\Карим\AppData\Roaming\Code\User\globalStorage\redhat.java\1.41.1\config_win -data c:\Users\Карим\AppData\Roaming\Code\User\workspaceStorage\be46ec04d67062e0e0c825c999e7329b\redhat.java\jdt_ws --pipe=\\.\pipe\lsp-375ebe0ddaf27e66b742e65f882082da-sock

Host: 11th Gen Intel(R) Core(TM) i5-1135G7 @ 2.40GHz, 8 cores, 7G,  Windows 11 , 64 bit Build 22621 (10.0.22621.5124)
Time: Fri May  9 12:41:22 2025 RTZ 2 (s 11 , 64 bit Build 22621 (10.0.22621.5124) elapsed time: 0.960998 seconds (0d 0h 0m 0s)

---------------  T H R E A D  ---------------

Current thread (0x000001d11e308ba0):  JavaThread "C2 CompilerThread0" daemon [_thread_in_native, id=23300, stack(0x0000006bc4700000,0x0000006bc4800000) (1024K)]


Current CompileTask:
C2:961 1050   !   4       java.util.jar.Attributes::read (494 bytes)

Stack: [0x0000006bc4700000,0x0000006bc4800000]
Native frames: (J=compiled Java code, j=interpreted, Vv=VM code, C=native code)
V  [jvm.dll+0x6cdee9]
V  [jvm.dll+0x8a83d1]
V  [jvm.dll+0x8aa8fe]
V  [jvm.dll+0x8aafe3]
V  [jvm.dll+0x27f706]
V  [jvm.dll+0xc500d]
V  [jvm.dll+0xc5543]
V  [jvm.dll+0x3b6752]
V  [jvm.dll+0x1dfa8b]
V  [jvm.dll+0x247b42]
V  [jvm.dll+0x246fcf]
V  [jvm.dll+0x1c75ee]
V  [jvm.dll+0x25685a]
V  [jvm.dll+0x254dfa]
V  [jvm.dll+0x3f0256]
V  [jvm.dll+0x851f8b]
V  [jvm.dll+0x6cc5ed]
C  [ucrtbase.dll+0x29333]
C  [KERNEL32.DLL+0x1259d]
C  [ntdll.dll+0x5af38]


---------------  P R O C E S S  ---------------

Threads class SMR info:
_java_thread_list=0x000001d1652fc220, length=11, elements={
0x000001d109f4c130, 0x000001d11e2fd920, 0x000001d11e2ff310, 0x000001d11e3020d0,
0x000001d11e3030d0, 0x000001d11e3040d0, 0x000001d11e307d30, 0x000001d11e308ba0,
0x000001d165031cf0, 0x000001d1650a7270, 0x000001d1653239f0
}

Java Threads: ( => current thread )
  0x000001d109f4c130 JavaThread "main"                              [_thread_in_native, id=824, stack(0x0000006bc3d00000,0x0000006bc3e00000) (1024K)]
  0x000001d11e2fd920 JavaThread "Reference Handler"          daemon [_thread_blocked, id=24932, stack(0x0000006bc4100000,0x0000006bc4200000) (1024K)]
  0x000001d11e2ff310 JavaThread "Finalizer"                  daemon [_thread_blocked, id=22092, stack(0x0000006bc4200000,0x0000006bc4300000) (1024K)]
  0x000001d11e3020d0 JavaThread "Signal Dispatcher"          daemon [_thread_blocked, id=18108, stack(0x0000006bc4300000,0x0000006bc4400000) (1024K)]
  0x000001d11e3030d0 JavaThread "Attach Listener"            daemon [_thread_blocked, id=26552, stack(0x0000006bc4400000,0x0000006bc4500000) (1024K)]
  0x000001d11e3040d0 JavaThread "Service Thread"             daemon [_thread_blocked, id=12388, stack(0x0000006bc4500000,0x0000006bc4600000) (1024K)]
  0x000001d11e307d30 JavaThread "Monitor Deflation Thread"   daemon [_thread_blocked, id=24176, stack(0x0000006bc4600000,0x0000006bc4700000) (1024K)]
=>0x000001d11e308ba0 JavaThread "C2 CompilerThread0"         daemon [_thread_in_native, id=23300, stack(0x0000006bc4700000,0x0000006bc4800000) (1024K)]
  0x000001d165031cf0 JavaThread "C1 CompilerThread0"         daemon [_thread_blocked, id=10956, stack(0x0000006bc4800000,0x0000006bc4900000) (1024K)]
  0x000001d1650a7270 JavaThread "Common-Cleaner"             daemon [_thread_blocked, id=3624, stack(0x0000006bc4900000,0x0000006bc4a00000) (1024K)]
  0x000001d1653239f0 JavaThread "Notification Thread"        daemon [_thread_blocked, id=21588, stack(0x0000006bc4a00000,0x0000006bc4b00000) (1024K)]
Total: 11

Other Threads:
  0x000001d11e2e28d0 VMThread "VM Thread"                           [id=14128, stack(0x0000006bc4000000,0x0000006bc4100000) (1024K)]
  0x000001d11e21c950 WatcherThread "VM Periodic Task Thread"        [id=17176, stack(0x0000006bc3f00000,0x0000006bc4000000) (1024K)]
  0x000001d109f6b480 WorkerThread "GC Thread#0"                     [id=8460, stack(0x0000006bc3e00000,0x0000006bc3f00000) (1024K)]
Total: 3

Threads with active compile tasks:
C2 CompilerThread0  983 1050   !   4       java.util.jar.Attributes::read (494 bytes)
Total: 1

VM state: not at safepoint (normal execution)

VM Mutex/Monitor currently owned by a thread: None

Heap address: 0x00000000c0000000, size: 1024 MB, Compressed Oops mode: 32-bit

CDS archive(s) mapped at: [0x000001d11f000000-0x000001d11fba0000-0x000001d11fba0000), size 12189696, SharedBaseAddress: 0x000001d11f000000, ArchiveRelocationMode: 1.
Compressed class space mapped at: 0x000001d120000000-0x000001d160000000, reserved size: 1073741824
Narrow klass base: 0x000001d11f000000, Narrow klass shift: 0, Narrow klass range: 0x100000000

GC Precious Log:
 CardTable entry size: 512
 CPUs: 8 total, 8 available
 Memory: 7991M
 Large Page Support: Disabled
 NUMA Support: Disabled
 Compressed Oops: Enabled (32-bit)
 Alignments: Space 512K, Generation 512K, Heap 2M
 Heap Min Capacity: 100M
 Heap Initial Capacity: 100M
 Heap Max Capacity: 1G
 Pre-touch: Disabled
 Parallel Workers: 8

Heap:
 PSYoungGen      total 29696K, used 25574K [0x00000000eab00000, 0x00000000ecc00000, 0x0000000100000000)
  eden space 25600K, 99% used [0x00000000eab00000,0x00000000ec3f9960,0x00000000ec400000)
  from space 4096K, 0% used [0x00000000ec800000,0x00000000ec800000,0x00000000ecc00000)
  to   space 4096K, 0% used [0x00000000ec400000,0x00000000ec400000,0x00000000ec800000)
 ParOldGen       total 68608K, used 0K [0x00000000c0000000, 0x00000000c4300000, 0x00000000eab00000)
  object space 68608K, 0% used [0x00000000c0000000,0x00000000c0000000,0x00000000c4300000)
 Metaspace       used 4300K, committed 4608K, reserved 1114112K
  class space    used 437K, committed 576K, reserved 1048576K

Card table byte_map: [0x000001d109920000,0x000001d109b30000] _byte_map_base: 0x000001d109320000

Marking Bits: (ParMarkBitMap*) 0x00007fff49493260
 Begin Bits: [0x000001d11c140000, 0x000001d11d140000)
 End Bits:   [0x000001d11d140000, 0x000001d11e140000)

Polling page: 0x000001d109710000

Metaspace:

Usage:
  Non-class:      3.77 MB used.
      Class:    437.91 KB used.
       Both:      4.20 MB used.

Virtual space:
  Non-class space:       64.00 MB reserved,       3.94 MB (  6%) committed,  1 nodes.
      Class space:        1.00 GB reserved,     576.00 KB ( <1%) committed,  1 nodes.
             Both:        1.06 GB reserved,       4.50 MB ( <1%) committed. 

Chunk freelists:
   Non-Class:  11.17 MB
       Class:  15.47 MB
        Both:  26.65 MB

MaxMetaspaceSize: unlimited
CompressedClassSpaceSize: 1.00 GB
Initial GC threshold: 21.00 MB
Current GC threshold: 21.00 MB
CDS: on
 - commit_granule_bytes: 65536.
 - commit_granule_words: 8192.
 - virtual_space_node_default_size: 8388608.
 - enlarge_chunks_in_place: 1.
 - use_allocation_guard: 0.


Internal statistics:

num_allocs_failed_limit: 0.
num_arena_births: 176.
num_arena_deaths: 0.
num_vsnodes_births: 2.
num_vsnodes_deaths: 0.
num_space_committed: 72.
num_space_uncommitted: 0.
num_chunks_returned_to_freelist: 0.
num_chunks_taken_from_freelist: 236.
num_chunk_merges: 0.
num_chunk_splits: 153.
num_chunks_enlarged: 89.
num_inconsistent_stats: 0.

CodeHeap 'non-profiled nmethods': size=120000Kb used=401Kb max_used=401Kb free=119598Kb
 bounds [0x000001d114c10000, 0x000001d114e80000, 0x000001d11c140000]
CodeHeap 'profiled nmethods': size=120000Kb used=1727Kb max_used=1727Kb free=118272Kb
 bounds [0x000001d10d140000, 0x000001d10d3b0000, 0x000001d114670000]
CodeHeap 'non-nmethods': size=5760Kb used=1213Kb max_used=1226Kb free=4546Kb
 bounds [0x000001d114670000, 0x000001d1148e0000, 0x000001d114c10000]
 total_blobs=1550 nmethods=1086 adapters=371
 compilation: enabled
              stopped_count=0, restarted_count=0
 full_count=0

Compilation events (20 events):
Event: 0.943 Thread 0x000001d165031cf0 1082       3       java.lang.StringUTF16::hashCode (52 bytes)
Event: 0.943 Thread 0x000001d165031cf0 nmethod 1082 0x000001d10d2eb110 code [0x000001d10d2eb2e0, 0x000001d10d2eb4f0]
Event: 0.944 Thread 0x000001d165031cf0 1083       3       java.lang.StringLatin1::inflate (34 bytes)
Event: 0.944 Thread 0x000001d165031cf0 nmethod 1083 0x000001d10d2eb610 code [0x000001d10d2eb7c0, 0x000001d10d2eb9c0]
Event: 0.945 Thread 0x000001d165031cf0 1084       1       java.security.CodeSource::getLocationNoFragString (5 bytes)
Event: 0.945 Thread 0x000001d165031cf0 nmethod 1084 0x000001d114c73b90 code [0x000001d114c73d20, 0x000001d114c73de8]
Event: 0.946 Thread 0x000001d165031cf0 1085       3       java.lang.StringUTF16::indexOf (44 bytes)
Event: 0.947 Thread 0x000001d165031cf0 nmethod 1085 0x000001d10d2ebb10 code [0x000001d10d2ebd40, 0x000001d10d2ec360]
Event: 0.947 Thread 0x000001d165031cf0 1086       3       java.lang.ClassLoader::getClassLoadingLock (35 bytes)
Event: 0.947 Thread 0x000001d165031cf0 nmethod 1086 0x000001d10d2ec610 code [0x000001d10d2ec7e0, 0x000001d10d2ecad0]
Event: 0.947 Thread 0x000001d165031cf0 1087       1       java.lang.Boolean::booleanValue (5 bytes)
Event: 0.947 Thread 0x000001d165031cf0 nmethod 1087 0x000001d114c73e90 code [0x000001d114c74020, 0x000001d114c740f0]
Event: 0.948 Thread 0x000001d165031cf0 1088       3       java.lang.Object::toString (36 bytes)
Event: 0.948 Thread 0x000001d165031cf0 nmethod 1088 0x000001d10d2ecc90 code [0x000001d10d2ecf00, 0x000001d10d2ed6e8]
Event: 0.949 Thread 0x000001d165031cf0 1090       3       java.lang.StringUTF16::indexOfLatin1Unsafe (212 bytes)
Event: 0.949 Thread 0x000001d165031cf0 nmethod 1090 0x000001d10d2eda10 code [0x000001d10d2edc00, 0x000001d10d2ee0b8]
Event: 0.958 Thread 0x000001d165031cf0 1091       1       java.util.Collections$EmptyIterator::hasNext (2 bytes)
Event: 0.958 Thread 0x000001d165031cf0 nmethod 1091 0x000001d114c74190 code [0x000001d114c74320, 0x000001d114c743e8]
Event: 0.958 Thread 0x000001d165031cf0 1092       3       java.util.ArrayDeque::elementAt (4 bytes)
Event: 0.958 Thread 0x000001d165031cf0 nmethod 1092 0x000001d10d2ee310 code [0x000001d10d2ee4a0, 0x000001d10d2ee5b8]

GC Heap History (0 events):
No events

Dll operation events (8 events):
Event: 0.017 Loaded shared library c:\Users\Карим\.vscode\extensions\redhat.java-1.41.1-win32-x64\jre\21.0.6-win32-x86_64\bin\java.dll
Event: 0.066 Loaded shared library c:\Users\Карим\.vscode\extensions\redhat.java-1.41.1-win32-x64\jre\21.0.6-win32-x86_64\bin\zip.dll
Event: 0.140 Loaded shared library C:\Users\Карим\.vscode\extensions\redhat.java-1.41.1-win32-x64\jre\21.0.6-win32-x86_64\bin\instrument.dll
Event: 0.145 Loaded shared library C:\Users\Карим\.vscode\extensions\redhat.java-1.41.1-win32-x64\jre\21.0.6-win32-x86_64\bin\net.dll
Event: 0.147 Loaded shared library C:\Users\Карим\.vscode\extensions\redhat.java-1.41.1-win32-x64\jre\21.0.6-win32-x86_64\bin\nio.dll
Event: 0.154 Loaded shared library C:\Users\Карим\.vscode\extensions\redhat.java-1.41.1-win32-x64\jre\21.0.6-win32-x86_64\bin\zip.dll
Event: 0.183 Loaded shared library C:\Users\Карим\.vscode\extensions\redhat.java-1.41.1-win32-x64\jre\21.0.6-win32-x86_64\bin\jimage.dll
Event: 0.275 Loaded shared library c:\Users\Карим\.vscode\extensions\redhat.java-1.41.1-win32-x64\jre\21.0.6-win32-x86_64\bin\verify.dll

Deoptimization events (20 events):
Event: 0.926 Thread 0x000001d109f4c130 DEOPT PACKING pc=0x000001d10d2af931 sp=0x0000006bc3dfdbe0
Event: 0.926 Thread 0x000001d109f4c130 DEOPT UNPACKING pc=0x000001d1146c78e2 sp=0x0000006bc3dfd058 mode 0
Event: 0.926 Thread 0x000001d109f4c130 DEOPT PACKING pc=0x000001d10d2af931 sp=0x0000006bc3dfdbe0
Event: 0.926 Thread 0x000001d109f4c130 DEOPT UNPACKING pc=0x000001d1146c78e2 sp=0x0000006bc3dfd058 mode 0
Event: 0.926 Thread 0x000001d109f4c130 DEOPT PACKING pc=0x000001d10d2af931 sp=0x0000006bc3dfdbe0
Event: 0.926 Thread 0x000001d109f4c130 DEOPT UNPACKING pc=0x000001d1146c78e2 sp=0x0000006bc3dfd058 mode 0
Event: 0.926 Thread 0x000001d109f4c130 DEOPT PACKING pc=0x000001d10d2af931 sp=0x0000006bc3dfdbe0
Event: 0.926 Thread 0x000001d109f4c130 DEOPT UNPACKING pc=0x000001d1146c78e2 sp=0x0000006bc3dfd058 mode 0
Event: 0.927 Thread 0x000001d109f4c130 DEOPT PACKING pc=0x000001d10d2af931 sp=0x0000006bc3dfdbe0
Event: 0.927 Thread 0x000001d109f4c130 DEOPT UNPACKING pc=0x000001d1146c78e2 sp=0x0000006bc3dfd058 mode 0
Event: 0.927 Thread 0x000001d109f4c130 DEOPT PACKING pc=0x000001d10d2af931 sp=0x0000006bc3dfdbe0
Event: 0.927 Thread 0x000001d109f4c130 DEOPT UNPACKING pc=0x000001d1146c78e2 sp=0x0000006bc3dfd058 mode 0
Event: 0.927 Thread 0x000001d109f4c130 DEOPT PACKING pc=0x000001d10d2af931 sp=0x0000006bc3dfdbe0
Event: 0.927 Thread 0x000001d109f4c130 DEOPT UNPACKING pc=0x000001d1146c78e2 sp=0x0000006bc3dfd058 mode 0
Event: 0.927 Thread 0x000001d109f4c130 DEOPT PACKING pc=0x000001d10d2af931 sp=0x0000006bc3dfdbe0
Event: 0.927 Thread 0x000001d109f4c130 DEOPT UNPACKING pc=0x000001d1146c78e2 sp=0x0000006bc3dfd058 mode 0
Event: 0.927 Thread 0x000001d109f4c130 DEOPT PACKING pc=0x000001d10d2af931 sp=0x0000006bc3dfdbe0
Event: 0.927 Thread 0x000001d109f4c130 DEOPT UNPACKING pc=0x000001d1146c78e2 sp=0x0000006bc3dfd058 mode 0
Event: 0.946 Thread 0x000001d109f4c130 DEOPT PACKING pc=0x000001d10d1e371e sp=0x0000006bc3dfe670
Event: 0.946 Thread 0x000001d109f4c130 DEOPT UNPACKING pc=0x000001d1146c78e2 sp=0x0000006bc3dfdab0 mode 0

Classes loaded (20 events):
Event: 0.931 Loading class sun/util/logging/PlatformLogger$ConfigurableBridge$LoggerConfiguration
Event: 0.931 Loading class sun/util/logging/PlatformLogger$ConfigurableBridge$LoggerConfiguration done
Event: 0.931 Loading class jdk/internal/logger/SimpleConsoleLogger done
Event: 0.931 Loading class jdk/internal/logger/SurrogateLogger done
Event: 0.931 Loading class sun/util/logging/PlatformLogger
Event: 0.931 Loading class sun/util/logging/PlatformLogger done
Event: 0.931 Loading class sun/util/logging/PlatformLogger$Level
Event: 0.932 Loading class sun/util/logging/PlatformLogger$Level done
Event: 0.940 Loading class java/io/BufferedReader
Event: 0.940 Loading class java/io/BufferedReader done
Event: 0.940 Loading class sun/nio/cs/StreamDecoder
Event: 0.941 Loading class sun/nio/cs/StreamDecoder done
Event: 0.952 Loading class java/util/UUID
Event: 0.953 Loading class java/util/UUID done
Event: 0.953 Loading class java/util/concurrent/atomic/AtomicBoolean
Event: 0.953 Loading class java/util/concurrent/atomic/AtomicBoolean done
Event: 0.953 Loading class java/lang/invoke/VarHandleInts$FieldInstanceReadWrite
Event: 0.953 Loading class java/lang/invoke/VarHandleInts$FieldInstanceReadOnly
Event: 0.953 Loading class java/lang/invoke/VarHandleInts$FieldInstanceReadOnly done
Event: 0.953 Loading class java/lang/invoke/VarHandleInts$FieldInstanceReadWrite done

Classes unloaded (0 events):
No events

Classes redefined (0 events):
No events

Internal exceptions (20 events):
Event: 0.197 Thread 0x000001d109f4c130 Exception <a 'java/lang/NoSuchMethodError'{0x00000000eaef36b0}: 'java.lang.Object java.lang.invoke.DirectMethodHandle$Holder.invokeStatic(java.lang.Object, java.lang.Object, java.lang.Object, java.lang.Object, int)'> (0x00000000eaef36b0) 
thrown [s\src\hotspot\share\interpreter\linkResolver.cpp, line 773]
Event: 0.198 Thread 0x000001d109f4c130 Exception <a 'java/lang/NoSuchMethodError'{0x00000000eaefb820}: 'long java.lang.invoke.DirectMethodHandle$Holder.invokeStatic(java.lang.Object, java.lang.Object, int)'> (0x00000000eaefb820) 
thrown [s\src\hotspot\share\interpreter\linkResolver.cpp, line 773]
Event: 0.199 Thread 0x000001d109f4c130 Exception <a 'java/lang/NoSuchMethodError'{0x00000000eaf06d60}: 'java.lang.Object java.lang.invoke.DelegatingMethodHandle$Holder.reinvoke_L(java.lang.Object, int, long, java.lang.Object, java.lang.Object, int, java.lang.Object)'> (0x00000000eaf06d60) 
thrown [s\src\hotspot\share\interpreter\linkResolver.cpp, line 773]
Event: 0.200 Thread 0x000001d109f4c130 Exception <a 'java/lang/NoSuchMethodError'{0x00000000eaf0ae00}: 'int java.lang.invoke.DirectMethodHandle$Holder.invokeSpecial(java.lang.Object, java.lang.Object, java.lang.Object)'> (0x00000000eaf0ae00) 
thrown [s\src\hotspot\share\interpreter\linkResolver.cpp, line 773]
Event: 0.211 Thread 0x000001d109f4c130 Exception <a 'java/lang/NoSuchMethodError'{0x00000000eaf32ff8}: 'java.lang.Object java.lang.invoke.DirectMethodHandle$Holder.invokeStatic(java.lang.Object, java.lang.Object, int)'> (0x00000000eaf32ff8) 
thrown [s\src\hotspot\share\interpreter\linkResolver.cpp, line 773]
Event: 0.212 Thread 0x000001d109f4c130 Exception <a 'java/lang/NoSuchMethodError'{0x00000000eaf3e888}: 'void java.lang.invoke.DelegatingMethodHandle$Holder.delegate(java.lang.Object, java.lang.Object, int, java.lang.Object)'> (0x00000000eaf3e888) 
thrown [s\src\hotspot\share\interpreter\linkResolver.cpp, line 773]
Event: 0.244 Thread 0x000001d109f4c130 Exception <a 'java/lang/NoSuchMethodError'{0x00000000eafe4280}: 'void java.lang.invoke.DirectMethodHandle$Holder.invokeStatic(java.lang.Object, java.lang.Object, java.lang.Object, int, java.lang.Object)'> (0x00000000eafe4280) 
thrown [s\src\hotspot\share\interpreter\linkResolver.cpp, line 773]
Event: 0.245 Thread 0x000001d109f4c130 Exception <a 'java/lang/NoSuchMethodError'{0x00000000eafeb528}: 'void java.lang.invoke.DelegatingMethodHandle$Holder.reinvoke_L(java.lang.Object, java.lang.Object, java.lang.Object, int, java.lang.Object)'> (0x00000000eafeb528) 
thrown [s\src\hotspot\share\interpreter\linkResolver.cpp, line 773]
Event: 0.311 Thread 0x000001d109f4c130 Exception <a 'java/lang/NoSuchMethodError'{0x00000000eb1cdfa8}: 'void java.lang.invoke.DelegatingMethodHandle$Holder.reinvoke_L(java.lang.Object, java.lang.Object, java.lang.Object, int)'> (0x00000000eb1cdfa8) 
thrown [s\src\hotspot\share\interpreter\linkResolver.cpp, line 773]
Event: 0.608 Thread 0x000001d109f4c130 Exception <a 'java/lang/ClassNotFoundException'{0x00000000eba5f5e0}: sun/net/www/protocol/c/Handler> (0x00000000eba5f5e0) 
thrown [s\src\hotspot\share\classfile\systemDictionary.cpp, line 312]
Event: 0.667 Thread 0x000001d109f4c130 Exception <a 'java/io/FileNotFoundException'{0x00000000eba797e8}> (0x00000000eba797e8) 
thrown [s\src\hotspot\share\prims\jni.cpp, line 520]
Event: 0.670 Thread 0x000001d109f4c130 Exception <a 'java/io/FileNotFoundException'{0x00000000eba7eaa8}> (0x00000000eba7eaa8) 
thrown [s\src\hotspot\share\prims\jni.cpp, line 520]
Event: 0.672 Thread 0x000001d109f4c130 Exception <a 'java/io/FileNotFoundException'{0x00000000eba7fd78}> (0x00000000eba7fd78) 
thrown [s\src\hotspot\share\prims\jni.cpp, line 520]
Event: 0.672 Thread 0x000001d109f4c130 Exception <a 'java/io/FileNotFoundException'{0x00000000eba80dd0}> (0x00000000eba80dd0) 
thrown [s\src\hotspot\share\prims\jni.cpp, line 520]
Event: 0.678 Thread 0x000001d109f4c130 Implicit null exception at 0x000001d114c44444 to 0x000001d114c44b98
Event: 0.687 Thread 0x000001d109f4c130 Exception <a 'java/io/FileNotFoundException'{0x00000000ebab9918}> (0x00000000ebab9918) 
thrown [s\src\hotspot\share\prims\jni.cpp, line 520]
Event: 0.883 Thread 0x000001d109f4c130 Exception <a 'java/lang/NoSuchMethodError'{0x00000000ebf58088}: 'java.lang.ClassLoader java.lang.ClassLoader.getPlatformClassLoader(java.lang.Class)'> (0x00000000ebf58088) 
thrown [s\src\hotspot\share\interpreter\linkResolver.cpp, line 773]
Event: 0.957 Thread 0x000001d109f4c130 Exception <a 'java/lang/ClassNotFoundException'{0x00000000ec364cd0}: sun/net/www/protocol/c/Handler> (0x00000000ec364cd0) 
thrown [s\src\hotspot\share\classfile\systemDictionary.cpp, line 312]
Event: 0.958 Thread 0x000001d109f4c130 Exception <a 'java/lang/ClassNotFoundException'{0x00000000ec3661c0}: sun/net/www/protocol/c/Handler> (0x00000000ec3661c0) 
thrown [s\src\hotspot\share\classfile\systemDictionary.cpp, line 312]
Event: 0.958 Thread 0x000001d109f4c130 Exception <a 'java/lang/ClassNotFoundException'{0x00000000ec367548}: sun/net/www/protocol/c/Handler> (0x00000000ec367548) 
thrown [s\src\hotspot\share\classfile\systemDictionary.cpp, line 312]

ZGC Phase Switch (0 events):
No events

VM Operations (10 events):
Event: 0.113 Executing VM operation: HandshakeAllThreads (Deoptimize)
Event: 0.113 Executing VM operation: HandshakeAllThreads (Deoptimize) done
Event: 0.226 Executing VM operation: HandshakeAllThreads (Deoptimize)
Event: 0.226 Executing VM operation: HandshakeAllThreads (Deoptimize) done
Event: 0.575 Executing VM operation: HandshakeAllThreads (Deoptimize)
Event: 0.575 Executing VM operation: HandshakeAllThreads (Deoptimize) done
Event: 0.591 Executing VM operation: HandshakeAllThreads (Deoptimize)
Event: 0.591 Executing VM operation: HandshakeAllThreads (Deoptimize) done
Event: 0.883 Executing VM operation: ICBufferFull
Event: 0.883 Executing VM operation: ICBufferFull done

Memory protections (0 events):
No events

Nmethod flushes (0 events):
No events

Events (11 events):
Event: 0.046 Thread 0x000001d109f4c130 Thread added: 0x000001d109f4c130
Event: 0.071 Thread 0x000001d109f4c130 Thread added: 0x000001d11e2fd920
Event: 0.071 Thread 0x000001d109f4c130 Thread added: 0x000001d11e2ff310
Event: 0.072 Thread 0x000001d109f4c130 Thread added: 0x000001d11e3020d0
Event: 0.072 Thread 0x000001d109f4c130 Thread added: 0x000001d11e3030d0
Event: 0.072 Thread 0x000001d109f4c130 Thread added: 0x000001d11e3040d0
Event: 0.072 Thread 0x000001d109f4c130 Thread added: 0x000001d11e307d30
Event: 0.072 Thread 0x000001d109f4c130 Thread added: 0x000001d11e308ba0
Event: 0.076 Thread 0x000001d109f4c130 Thread added: 0x000001d165031cf0
Event: 0.104 Thread 0x000001d109f4c130 Thread added: 0x000001d1650a7270
Event: 0.382 Thread 0x000001d109f4c130 Thread added: 0x000001d1653239f0


Dynamic libraries:
0x00007ff639f60000 - 0x00007ff639f6e000 	c:\Users\Карим\.vscode\extensions\redhat.java-1.41.1-win32-x64\jre\21.0.6-win32-x86_64\bin\java.exe
0x00007fffdf950000 - 0x00007fffdfb67000 	C:\WINDOWS\SYSTEM32\ntdll.dll
0x00007fffddcf0000 - 0x00007fffdddb4000 	C:\WINDOWS\System32\KERNEL32.DLL
0x00007fffdcc90000 - 0x00007fffdd063000 	C:\WINDOWS\System32\KERNELBASE.dll
0x00007fffdd4a0000 - 0x00007fffdd5b1000 	C:\WINDOWS\System32\ucrtbase.dll
0x00007fffd8d00000 - 0x00007fffd8d18000 	c:\Users\Карим\.vscode\extensions\redhat.java-1.41.1-win32-x64\jre\21.0.6-win32-x86_64\bin\jli.dll
0x00007fffde9b0000 - 0x00007fffdeb61000 	C:\WINDOWS\System32\USER32.dll
0x00007fffdd5c0000 - 0x00007fffdd5e6000 	C:\WINDOWS\System32\win32u.dll
0x00007fffdd620000 - 0x00007fffdd649000 	C:\WINDOWS\System32\GDI32.dll
0x00007fffdd2e0000 - 0x00007fffdd3fb000 	C:\WINDOWS\System32\gdi32full.dll
0x00007fffdd400000 - 0x00007fffdd49a000 	C:\WINDOWS\System32\msvcp_win.dll
0x00007fffc8140000 - 0x00007fffc815e000 	c:\Users\Карим\.vscode\extensions\redhat.java-1.41.1-win32-x64\jre\21.0.6-win32-x86_64\bin\VCRUNTIME140.dll
0x00007fffd03a0000 - 0x00007fffd0638000 	C:\WINDOWS\WinSxS\amd64_microsoft.windows.common-controls_6595b64144ccf1df_6.0.22621.5124_none_270e8f4f7386d69d\COMCTL32.dll
0x00007fffddf40000 - 0x00007fffddfe7000 	C:\WINDOWS\System32\msvcrt.dll
0x00007fffddbc0000 - 0x00007fffddbf1000 	C:\WINDOWS\System32\IMM32.DLL
0x00007fffd4810000 - 0x00007fffd481c000 	c:\Users\Карим\.vscode\extensions\redhat.java-1.41.1-win32-x64\jre\21.0.6-win32-x86_64\bin\vcruntime140_1.dll
0x00007fff73540000 - 0x00007fff735cd000 	c:\Users\Карим\.vscode\extensions\redhat.java-1.41.1-win32-x64\jre\21.0.6-win32-x86_64\bin\msvcp140.dll
0x00007fff487e0000 - 0x00007fff49570000 	c:\Users\Карим\.vscode\extensions\redhat.java-1.41.1-win32-x64\jre\21.0.6-win32-x86_64\bin\server\jvm.dll
0x00007fffde510000 - 0x00007fffde5c1000 	C:\WINDOWS\System32\ADVAPI32.dll
0x00007fffdf860000 - 0x00007fffdf908000 	C:\WINDOWS\System32\sechost.dll
0x00007fffdca60000 - 0x00007fffdca88000 	C:\WINDOWS\System32\bcrypt.dll
0x00007fffde3f0000 - 0x00007fffde504000 	C:\WINDOWS\System32\RPCRT4.dll
0x00007fffdeb70000 - 0x00007fffdebe1000 	C:\WINDOWS\System32\WS2_32.dll
0x00007fffdc2b0000 - 0x00007fffdc2fd000 	C:\WINDOWS\SYSTEM32\POWRPROF.dll
0x00007fffd7e20000 - 0x00007fffd7e54000 	C:\WINDOWS\SYSTEM32\WINMM.dll
0x00007fffd4f00000 - 0x00007fffd4f0a000 	C:\WINDOWS\SYSTEM32\VERSION.dll
0x00007fffdc290000 - 0x00007fffdc2a3000 	C:\WINDOWS\SYSTEM32\UMPDC.dll
0x00007fffdba60000 - 0x00007fffdba78000 	C:\WINDOWS\SYSTEM32\kernel.appcore.dll
0x00007fffcf0d0000 - 0x00007fffcf0da000 	c:\Users\Карим\.vscode\extensions\redhat.java-1.41.1-win32-x64\jre\21.0.6-win32-x86_64\bin\jimage.dll
0x00007fffd9ed0000 - 0x00007fffda102000 	C:\WINDOWS\SYSTEM32\DBGHELP.DLL
0x00007fffddff0000 - 0x00007fffde382000 	C:\WINDOWS\System32\combase.dll
0x00007fffddad0000 - 0x00007fffddba7000 	C:\WINDOWS\System32\OLEAUT32.dll
0x00007fffcf6f0000 - 0x00007fffcf722000 	C:\WINDOWS\SYSTEM32\dbgcore.DLL
0x00007fffdd0f0000 - 0x00007fffdd16b000 	C:\WINDOWS\System32\bcryptPrimitives.dll
0x00007fffcd160000 - 0x00007fffcd16f000 	c:\Users\Карим\.vscode\extensions\redhat.java-1.41.1-win32-x64\jre\21.0.6-win32-x86_64\bin\instrument.dll
0x00007fffc73c0000 - 0x00007fffc73df000 	c:\Users\Карим\.vscode\extensions\redhat.java-1.41.1-win32-x64\jre\21.0.6-win32-x86_64\bin\java.dll
0x00007fffdee80000 - 0x00007fffdf716000 	C:\WINDOWS\System32\SHELL32.dll
0x00007fffdca90000 - 0x00007fffdcbcf000 	C:\WINDOWS\System32\wintypes.dll
0x00007fffda930000 - 0x00007fffdb24a000 	C:\WINDOWS\SYSTEM32\windows.storage.dll
0x00007fffded70000 - 0x00007fffdee7a000 	C:\WINDOWS\System32\SHCORE.dll
0x00007fffdddc0000 - 0x00007fffdde23000 	C:\WINDOWS\System32\shlwapi.dll
0x00007fffdc990000 - 0x00007fffdc9bb000 	C:\WINDOWS\SYSTEM32\profapi.dll
0x00007fffc6da0000 - 0x00007fffc6db8000 	c:\Users\Карим\.vscode\extensions\redhat.java-1.41.1-win32-x64\jre\21.0.6-win32-x86_64\bin\zip.dll
0x00007fffccaf0000 - 0x00007fffccb00000 	C:\Users\Карим\.vscode\extensions\redhat.java-1.41.1-win32-x64\jre\21.0.6-win32-x86_64\bin\net.dll
0x00007fffd9030000 - 0x00007fffd915c000 	C:\WINDOWS\SYSTEM32\WINHTTP.dll
0x00007fffdbed0000 - 0x00007fffdbf3a000 	C:\WINDOWS\system32\mswsock.dll
0x00007fffc5c70000 - 0x00007fffc5c86000 	C:\Users\Карим\.vscode\extensions\redhat.java-1.41.1-win32-x64\jre\21.0.6-win32-x86_64\bin\nio.dll
0x00007fffc8c40000 - 0x00007fffc8c50000 	c:\Users\Карим\.vscode\extensions\redhat.java-1.41.1-win32-x64\jre\21.0.6-win32-x86_64\bin\verify.dll

dbghelp: loaded successfully - version: 4.0.5 - missing functions: none
symbol engine: initialized successfully - sym options: 0x614 - pdb path: .;c:\Users\Карим\.vscode\extensions\redhat.java-1.41.1-win32-x64\jre\21.0.6-win32-x86_64\bin;C:\WINDOWS\SYSTEM32;C:\WINDOWS\WinSxS\amd64_microsoft.windows.common-controls_6595b64144ccf1df_6.0.22621.5124_none_270e8f4f7386d69d;c:\Users\Карим\.vscode\extensions\redhat.java-1.41.1-win32-x64\jre\21.0.6-win32-x86_64\bin\server

VM Arguments:
jvm_args: --add-modules=ALL-SYSTEM --add-opens=java.base/java.util=ALL-UNNAMED --add-opens=java.base/java.lang=ALL-UNNAMED --add-opens=java.base/sun.nio.fs=ALL-UNNAMED -Declipse.application=org.eclipse.jdt.ls.core.id1 -Dosgi.bundles.defaultStartLevel=4 -Declipse.product=org.eclipse.jdt.ls.core.product -Djava.import.generatesMetadataFilesAtProjectRoot=false -DDetectVMInstallationsJob.disabled=true -Dfile.encoding=utf8 -XX:+UseParallelGC -XX:GCTimeRatio=4 -XX:AdaptiveSizePolicyWeight=90 -Dsun.zip.disableMemoryMapping=true -Xmx1G -Xms100m -Xlog:disable -javaagent:c:\Users\Карим\.vscode\extensions\redhat.java-1.41.1-win32-x64\lombok\lombok-1.18.36.jar -XX:+HeapDumpOnOutOfMemoryError -XX:HeapDumpPath=c:\Users\Карим\AppData\Roaming\Code\User\workspaceStorage\be46ec04d67062e0e0c825c999e7329b\redhat.java -Daether.dependencyCollector.impl=bf 
java_command: c:\Users\Карим\.vscode\extensions\redhat.java-1.41.1-win32-x64\server\plugins\org.eclipse.equinox.launcher_1.7.0.v20250331-1702.jar -configuration c:\Users\Карим\AppData\Roaming\Code\User\globalStorage\redhat.java\1.41.1\config_win -data c:\Users\Карим\AppData\Roaming\Code\User\workspaceStorage\be46ec04d67062e0e0c825c999e7329b\redhat.java\jdt_ws --pipe=\\.\pipe\lsp-375ebe0ddaf27e66b742e65f882082da-sock
java_class_path (initial): c:\Users\Карим\.vscode\extensions\redhat.java-1.41.1-win32-x64\server\plugins\org.eclipse.equinox.launcher_1.7.0.v20250331-1702.jar
Launcher Type: SUN_STANDARD

[Global flags]
    uintx AdaptiveSizePolicyWeight                 = 90                                        {product} {command line}
     intx CICompilerCount                          = 4                                         {product} {ergonomic}
    uintx GCTimeRatio                              = 4                                         {product} {command line}
     bool HeapDumpOnOutOfMemoryError               = true                                   {manageable} {command line}
    ccstr HeapDumpPath                             = c:\Users\Карим\AppData\Roaming\Code\User\workspaceStorage\be46ec04d67062e0e0c825c999e7329b\redhat.java         {manageable} {command line}
   size_t InitialHeapSize                          = 104857600                                 {product} {command line}
   size_t MaxHeapSize                              = 1073741824                                {product} {command line}
   size_t MaxNewSize                               = 357564416                                 {product} {ergonomic}
   size_t MinHeapDeltaBytes                        = 524288                                    {product} {ergonomic}
   size_t MinHeapSize                              = 104857600                                 {product} {command line}
   size_t NewSize                                  = 34603008                                  {product} {ergonomic}
    uintx NonNMethodCodeHeapSize                   = 5839372                                {pd product} {ergonomic}
    uintx NonProfiledCodeHeapSize                  = 122909434                              {pd product} {ergonomic}
   size_t OldSize                                  = 70254592                                  {product} {ergonomic}
    uintx ProfiledCodeHeapSize                     = 122909434                              {pd product} {ergonomic}
    uintx ReservedCodeCacheSize                    = 251658240                              {pd product} {ergonomic}
     bool SegmentedCodeCache                       = true                                      {product} {ergonomic}
   size_t SoftMaxHeapSize                          = 1073741824                             {manageable} {ergonomic}
     bool UseCompressedOops                        = true                           {product lp64_product} {ergonomic}
     bool UseLargePagesIndividualAllocation        = false                                  {pd product} {ergonomic}
     bool UseParallelGC                            = true                                      {product} {command line}

Logging:
Log output configuration:
 #0: stdout all=off uptime,level,tags foldmultilines=false
 #1: stderr all=off uptime,level,tags foldmultilines=false

Environment Variables:
JAVA_HOME=C:\Program Files\Java\jdk-23
PATH=C:\Program Files\Common Files\Oracle\Java\javapath;C:\Program Files (x86)\Common Files\Oracle\Java\java8path;C:\Windows\System32\HWAudioDriverLibs;C:\Windows\system32;C:\Windows;C:\Windows\System32\Wbem;C:\Windows\System32\WindowsPowerShell\v1.0\;C:\Windows\System32\OpenSSH\;C:\Users\Administrator\AppData\Local\Microsoft\WindowsApps;C:\WINDOWS\system32;C:\WINDOWS;C:\WINDOWS\System32\Wbem;C:\WINDOWS\System32\WindowsPowerShell\v1.0\;C:\WINDOWS\System32\OpenSSH\;C:\Program Files\Apache\apache-maven-3.9.9\bin;C:\Program Files\Microsoft SQL Server\150\Tools\Binn\;C:\Program Files\Microsoft SQL Server\Client SDK\ODBC\170\Tools\Binn\;C:\Program Files\dotnet\;D:\Git\cmd;C:\Program Files\nodejs\;C:\Program Files\Java\jdk-23\bin;C:\Users\Карим\AppData\Local\Programs\Python\Python312\Scripts\;C:\Users\Карим\AppData\Local\Programs\Python\Python312\;C:\Users\Карим\AppData\Local\Programs\Python\Launcher\;C:\Users\Карим\AppData\Local\Microsoft\WindowsApps;;C:\Users\Карим\AppData\Local\Programs\Microsoft VS Code\bin;C:\Users\Карим\AppData\Roaming\npm
USERNAME=Карим
OS=Windows_NT
PROCESSOR_IDENTIFIER=Intel64 Family 6 Model 140 Stepping 1, GenuineIntel
TMP=C:\Users\ACA8~1\AppData\Local\Temp
TEMP=C:\Users\ACA8~1\AppData\Local\Temp




Periodic native trim disabled

---------------  S Y S T E M  ---------------

OS:
 Windows 11 , 64 bit Build 22621 (10.0.22621.5124)
OS uptime: 4 days 4:10 hours
Hyper-V role detected

CPU: total 8 (initial active 8) (4 cores per cpu, 2 threads per core) family 6 model 140 stepping 1 microcode 0x8a, cx8, cmov, fxsr, ht, mmx, 3dnowpref, sse, sse2, sse3, ssse3, sse4.1, sse4.2, popcnt, lzcnt, tsc, tscinvbit, avx, avx2, aes, erms, clmul, bmi1, bmi2, adx, avx512f, avx512dq, avx512cd, avx512bw, avx512vl, sha, fma, vzeroupper, avx512_vpopcntdq, avx512_vpclmulqdq, avx512_vaes, avx512_vnni, clflush, clflushopt, clwb, avx512_vbmi2, avx512_vbmi, hv, rdtscp, rdpid, fsrm, gfni, avx512_bitalg, f16c, cet_ibt, cet_ss, avx512_ifma
Processor Information for the first 8 processors :
  Max Mhz: 2419, Current Mhz: 2419, Mhz Limit: 2419

Memory: 4k page, system-wide physical 7991M (197M free)
TotalPageFile size 21144M (AvailPageFile size 5M)
current process WorkingSet (physical memory assigned to process): 73M, peak: 74M
current process commit charge ("private bytes"): 198M, peak: 198M

vm_info: OpenJDK 64-Bit Server VM (21.0.6+7-LTS) for windows-amd64 JRE (21.0.6+7-LTS), built on 2025-01-21T00:00:00Z by "admin" with MS VC++ 17.7 (VS2022)

END.
